2024-11-13 00:51:39,551 [restartedMain] INFO  ru.paskal.laba2.Laba2ApplicationKt - Starting Laba2ApplicationKt using Java 21.0.5 with PID 89880 (D:\Edu\7 sem\DIS\laba2\build\classes\kotlin\main started by leva in D:\Edu\7 sem\DIS\laba2)
2024-11-13 00:51:39,553 [restartedMain] INFO  ru.paskal.laba2.Laba2ApplicationKt - No active profile set, falling back to 1 default profile: "default"
2024-11-13 00:51:39,638 [restartedMain] INFO  o.s.b.d.e.DevToolsPropertyDefaultsPostProcessor - Devtools property defaults active! Set 'spring.devtools.add-properties' to 'false' to disable
2024-11-13 00:51:39,639 [restartedMain] INFO  o.s.b.d.e.DevToolsPropertyDefaultsPostProcessor - For additional web related logging consider setting the 'logging.level.web' property to 'DEBUG'
2024-11-13 00:51:40,527 [restartedMain] INFO  o.s.d.r.c.RepositoryConfigurationDelegate - Bootstrapping Spring Data JPA repositories in DEFAULT mode.
2024-11-13 00:51:40,563 [restartedMain] INFO  o.s.d.r.c.RepositoryConfigurationDelegate - Finished Spring Data repository scanning in 22 ms. Found 0 JPA repository interfaces.
2024-11-13 00:51:41,293 [restartedMain] INFO  o.s.b.w.e.tomcat.TomcatWebServer - Tomcat initialized with port 8080 (http)
2024-11-13 00:51:41,305 [restartedMain] INFO  o.a.coyote.http11.Http11NioProtocol - Initializing ProtocolHandler ["http-nio-8080"]
2024-11-13 00:51:41,310 [restartedMain] INFO  o.a.catalina.core.StandardService - Starting service [Tomcat]
2024-11-13 00:51:41,310 [restartedMain] INFO  o.a.catalina.core.StandardEngine - Starting Servlet engine: [Apache Tomcat/10.1.31]
2024-11-13 00:51:41,369 [restartedMain] INFO  o.a.c.c.C.[Tomcat].[localhost].[/] - Initializing Spring embedded WebApplicationContext
2024-11-13 00:51:41,370 [restartedMain] INFO  o.s.b.w.s.c.ServletWebServerApplicationContext - Root WebApplicationContext: initialization completed in 1729 ms
2024-11-13 00:51:41,517 [restartedMain] INFO  com.zaxxer.hikari.HikariDataSource - HikariPool-1 - Starting...
2024-11-13 00:51:41,762 [restartedMain] INFO  com.zaxxer.hikari.pool.HikariPool - HikariPool-1 - Added connection org.postgresql.jdbc.PgConnection@52304786
2024-11-13 00:51:41,764 [restartedMain] INFO  com.zaxxer.hikari.HikariDataSource - HikariPool-1 - Start completed.
2024-11-13 00:51:41,804 [restartedMain] INFO  o.h.jpa.internal.util.LogHelper - HHH000204: Processing PersistenceUnitInfo [name: default]
2024-11-13 00:51:41,854 [restartedMain] INFO  org.hibernate.Version - HHH000412: Hibernate ORM core version 6.5.3.Final
2024-11-13 00:51:41,889 [restartedMain] INFO  o.h.c.i.RegionFactoryInitiator - HHH000026: Second-level cache disabled
2024-11-13 00:51:42,185 [restartedMain] INFO  o.s.o.j.p.SpringPersistenceUnitInfo - No LoadTimeWeaver setup: ignoring JPA class transformer
2024-11-13 00:51:43,108 [restartedMain] INFO  o.h.e.t.j.p.i.JtaPlatformInitiator - HHH000489: No JTA platform available (set 'hibernate.transaction.jta.platform' to enable JTA platform integration)
2024-11-13 00:51:43,111 [restartedMain] INFO  o.s.o.j.LocalContainerEntityManagerFactoryBean - Initialized JPA EntityManagerFactory for persistence unit 'default'
2024-11-13 00:51:43,131 [restartedMain] INFO  r.p.l.c.WebClientConfiguration - WebClient timeout: 1000
2024-11-13 00:51:43,135 [restartedMain] INFO  r.p.l.c.WebClientConfiguration - WebClientConfiguration initialized
2024-11-13 00:51:43,382 [restartedMain] WARN  o.s.b.a.o.j.JpaBaseConfiguration$JpaWebConfiguration - spring.jpa.open-in-view is enabled by default. Therefore, database queries may be performed during view rendering. Explicitly configure spring.jpa.open-in-view to disable this warning
2024-11-13 00:51:44,168 [restartedMain] WARN  o.s.b.a.s.s.UserDetailsServiceAutoConfiguration - 

Using generated security password: 27b44936-b8f7-4157-88a1-bca1440287eb

This generated password is for development use only. Your security configuration must be updated before running your application in production.

2024-11-13 00:51:44,181 [restartedMain] INFO  o.s.s.c.a.a.c.InitializeUserDetailsBeanManagerConfigurer$InitializeUserDetailsManagerConfigurer - Global AuthenticationManager configured with UserDetailsService bean with name inMemoryUserDetailsManager
2024-11-13 00:51:44,327 [restartedMain] INFO  o.s.b.d.a.OptionalLiveReloadServer - LiveReload server is running on port 35729
2024-11-13 00:51:44,422 [restartedMain] INFO  o.a.coyote.http11.Http11NioProtocol - Starting ProtocolHandler ["http-nio-8080"]
2024-11-13 00:51:44,454 [restartedMain] INFO  o.s.b.w.e.tomcat.TomcatWebServer - Tomcat started on port 8080 (http) with context path '/'
2024-11-13 00:51:44,469 [restartedMain] INFO  ru.paskal.laba2.Laba2ApplicationKt - Started Laba2ApplicationKt in 5.558 seconds (process running for 6.229)
2024-11-13 00:53:27,450 [SpringApplicationShutdownHook] INFO  o.s.o.j.LocalContainerEntityManagerFactoryBean - Closing JPA EntityManagerFactory for persistence unit 'default'
2024-11-13 00:53:27,452 [SpringApplicationShutdownHook] INFO  com.zaxxer.hikari.HikariDataSource - HikariPool-1 - Shutdown initiated...
2024-11-13 00:53:27,461 [SpringApplicationShutdownHook] INFO  com.zaxxer.hikari.HikariDataSource - HikariPool-1 - Shutdown completed.
2024-11-13 00:53:31,191 [restartedMain] INFO  ru.paskal.laba2.Laba2ApplicationKt - Starting Laba2ApplicationKt using Java 21.0.5 with PID 89068 (D:\Edu\7 sem\DIS\laba2\build\classes\kotlin\main started by leva in D:\Edu\7 sem\DIS\laba2)
2024-11-13 00:53:31,194 [restartedMain] INFO  ru.paskal.laba2.Laba2ApplicationKt - No active profile set, falling back to 1 default profile: "default"
2024-11-13 00:53:31,249 [restartedMain] INFO  o.s.b.d.e.DevToolsPropertyDefaultsPostProcessor - Devtools property defaults active! Set 'spring.devtools.add-properties' to 'false' to disable
2024-11-13 00:53:31,249 [restartedMain] INFO  o.s.b.d.e.DevToolsPropertyDefaultsPostProcessor - For additional web related logging consider setting the 'logging.level.web' property to 'DEBUG'
2024-11-13 00:53:32,010 [restartedMain] INFO  o.s.d.r.c.RepositoryConfigurationDelegate - Bootstrapping Spring Data JPA repositories in DEFAULT mode.
2024-11-13 00:53:32,031 [restartedMain] INFO  o.s.d.r.c.RepositoryConfigurationDelegate - Finished Spring Data repository scanning in 14 ms. Found 0 JPA repository interfaces.
2024-11-13 00:53:32,708 [restartedMain] INFO  o.s.b.w.e.tomcat.TomcatWebServer - Tomcat initialized with port 8080 (http)
2024-11-13 00:53:32,718 [restartedMain] INFO  o.a.coyote.http11.Http11NioProtocol - Initializing ProtocolHandler ["http-nio-8080"]
2024-11-13 00:53:32,722 [restartedMain] INFO  o.a.catalina.core.StandardService - Starting service [Tomcat]
2024-11-13 00:53:32,722 [restartedMain] INFO  o.a.catalina.core.StandardEngine - Starting Servlet engine: [Apache Tomcat/10.1.31]
2024-11-13 00:53:32,782 [restartedMain] INFO  o.a.c.c.C.[Tomcat].[localhost].[/] - Initializing Spring embedded WebApplicationContext
2024-11-13 00:53:32,783 [restartedMain] INFO  o.s.b.w.s.c.ServletWebServerApplicationContext - Root WebApplicationContext: initialization completed in 1533 ms
2024-11-13 00:53:32,900 [restartedMain] INFO  com.zaxxer.hikari.HikariDataSource - HikariPool-1 - Starting...
2024-11-13 00:53:33,090 [restartedMain] INFO  com.zaxxer.hikari.pool.HikariPool - HikariPool-1 - Added connection org.postgresql.jdbc.PgConnection@788af046
2024-11-13 00:53:33,091 [restartedMain] INFO  com.zaxxer.hikari.HikariDataSource - HikariPool-1 - Start completed.
2024-11-13 00:53:33,142 [restartedMain] INFO  o.h.jpa.internal.util.LogHelper - HHH000204: Processing PersistenceUnitInfo [name: default]
2024-11-13 00:53:33,203 [restartedMain] INFO  org.hibernate.Version - HHH000412: Hibernate ORM core version 6.5.3.Final
2024-11-13 00:53:33,237 [restartedMain] INFO  o.h.c.i.RegionFactoryInitiator - HHH000026: Second-level cache disabled
2024-11-13 00:53:33,543 [restartedMain] INFO  o.s.o.j.p.SpringPersistenceUnitInfo - No LoadTimeWeaver setup: ignoring JPA class transformer
2024-11-13 00:53:34,451 [restartedMain] INFO  o.h.e.t.j.p.i.JtaPlatformInitiator - HHH000489: No JTA platform available (set 'hibernate.transaction.jta.platform' to enable JTA platform integration)
2024-11-13 00:53:34,453 [restartedMain] INFO  o.s.o.j.LocalContainerEntityManagerFactoryBean - Initialized JPA EntityManagerFactory for persistence unit 'default'
2024-11-13 00:53:34,475 [restartedMain] INFO  r.p.l.c.WebClientConfiguration - WebClient timeout: 1000
2024-11-13 00:53:34,478 [restartedMain] INFO  r.p.l.c.WebClientConfiguration - WebClientConfiguration initialized
2024-11-13 00:53:34,752 [restartedMain] WARN  o.s.b.a.o.j.JpaBaseConfiguration$JpaWebConfiguration - spring.jpa.open-in-view is enabled by default. Therefore, database queries may be performed during view rendering. Explicitly configure spring.jpa.open-in-view to disable this warning
2024-11-13 00:53:35,488 [restartedMain] WARN  o.s.b.a.s.s.UserDetailsServiceAutoConfiguration - 

Using generated security password: 917629cd-5caa-4767-a441-23a7aec3ce65

This generated password is for development use only. Your security configuration must be updated before running your application in production.

2024-11-13 00:53:35,501 [restartedMain] INFO  o.s.s.c.a.a.c.InitializeUserDetailsBeanManagerConfigurer$InitializeUserDetailsManagerConfigurer - Global AuthenticationManager configured with UserDetailsService bean with name inMemoryUserDetailsManager
2024-11-13 00:53:35,650 [restartedMain] INFO  o.s.b.d.a.OptionalLiveReloadServer - LiveReload server is running on port 35729
2024-11-13 00:53:35,702 [restartedMain] INFO  o.a.coyote.http11.Http11NioProtocol - Starting ProtocolHandler ["http-nio-8080"]
2024-11-13 00:53:35,719 [restartedMain] INFO  o.s.b.w.e.tomcat.TomcatWebServer - Tomcat started on port 8080 (http) with context path '/'
2024-11-13 00:53:35,730 [restartedMain] INFO  ru.paskal.laba2.Laba2ApplicationKt - Started Laba2ApplicationKt in 4.989 seconds (process running for 5.527)
2024-11-13 00:53:35,734 [restartedMain] INFO  ru.paskal.laba2.client.Requester - Fetching data from https://api.nobelprize.org/v1/laureate.json
2024-11-13 01:02:33,396 [SpringApplicationShutdownHook] INFO  o.s.o.j.LocalContainerEntityManagerFactoryBean - Closing JPA EntityManagerFactory for persistence unit 'default'
2024-11-13 01:02:33,399 [SpringApplicationShutdownHook] INFO  com.zaxxer.hikari.HikariDataSource - HikariPool-1 - Shutdown initiated...
2024-11-13 01:02:33,404 [SpringApplicationShutdownHook] INFO  com.zaxxer.hikari.HikariDataSource - HikariPool-1 - Shutdown completed.
2024-11-13 01:02:36,709 [restartedMain] ERROR o.s.boot.SpringApplication - Application run failed
java.lang.IllegalStateException: java.lang.IllegalStateException: Logback configuration error detected: 
ERROR in ch.qos.logback.core.model.processor.ImplicitModelHandler - Could not create component [encoder] of type [net.logstash.logback.encoder.LogstashEncoder] java.lang.ClassNotFoundException: net.logstash.logback.encoder.LogstashEncoder
ERROR in ch.qos.logback.core.rolling.RollingFileAppender[JSON_FILE] - No encoder set for the appender named "JSON_FILE".
	at org.springframework.boot.context.logging.LoggingApplicationListener.initializeSystem(LoggingApplicationListener.java:347)
	at org.springframework.boot.context.logging.LoggingApplicationListener.initialize(LoggingApplicationListener.java:298)
	at org.springframework.boot.context.logging.LoggingApplicationListener.onApplicationEnvironmentPreparedEvent(LoggingApplicationListener.java:246)
	at org.springframework.boot.context.logging.LoggingApplicationListener.onApplicationEvent(LoggingApplicationListener.java:223)
	at org.springframework.context.event.SimpleApplicationEventMulticaster.doInvokeListener(SimpleApplicationEventMulticaster.java:185)
	at org.springframework.context.event.SimpleApplicationEventMulticaster.invokeListener(SimpleApplicationEventMulticaster.java:178)
	at org.springframework.context.event.SimpleApplicationEventMulticaster.multicastEvent(SimpleApplicationEventMulticaster.java:156)
	at org.springframework.context.event.SimpleApplicationEventMulticaster.multicastEvent(SimpleApplicationEventMulticaster.java:138)
	at org.springframework.boot.context.event.EventPublishingRunListener.multicastInitialEvent(EventPublishingRunListener.java:136)
	at org.springframework.boot.context.event.EventPublishingRunListener.environmentPrepared(EventPublishingRunListener.java:81)
	at org.springframework.boot.SpringApplicationRunListeners.lambda$environmentPrepared$2(SpringApplicationRunListeners.java:64)
	at java.base/java.lang.Iterable.forEach(Iterable.java:75)
	at org.springframework.boot.SpringApplicationRunListeners.doWithListeners(SpringApplicationRunListeners.java:118)
	at org.springframework.boot.SpringApplicationRunListeners.doWithListeners(SpringApplicationRunListeners.java:112)
	at org.springframework.boot.SpringApplicationRunListeners.environmentPrepared(SpringApplicationRunListeners.java:63)
	at org.springframework.boot.SpringApplication.prepareEnvironment(SpringApplication.java:370)
	at org.springframework.boot.SpringApplication.run(SpringApplication.java:330)
	at org.springframework.boot.SpringApplication.run(SpringApplication.java:1363)
	at org.springframework.boot.SpringApplication.run(SpringApplication.java:1352)
	at ru.paskal.laba2.Laba2ApplicationKt.main(Laba2Application.kt:26)
	at java.base/jdk.internal.reflect.DirectMethodHandleAccessor.invoke(DirectMethodHandleAccessor.java:103)
	at java.base/java.lang.reflect.Method.invoke(Method.java:580)
	at org.springframework.boot.devtools.restart.RestartLauncher.run(RestartLauncher.java:50)
Caused by: java.lang.IllegalStateException: Logback configuration error detected: 
ERROR in ch.qos.logback.core.model.processor.ImplicitModelHandler - Could not create component [encoder] of type [net.logstash.logback.encoder.LogstashEncoder] java.lang.ClassNotFoundException: net.logstash.logback.encoder.LogstashEncoder
ERROR in ch.qos.logback.core.rolling.RollingFileAppender[JSON_FILE] - No encoder set for the appender named "JSON_FILE".
	at org.springframework.boot.logging.logback.LogbackLoggingSystem.reportConfigurationErrorsIfNecessary(LogbackLoggingSystem.java:287)
	at org.springframework.boot.logging.logback.LogbackLoggingSystem.loadConfiguration(LogbackLoggingSystem.java:265)
	at org.springframework.boot.logging.AbstractLoggingSystem.initializeWithConventions(AbstractLoggingSystem.java:81)
	at org.springframework.boot.logging.AbstractLoggingSystem.initialize(AbstractLoggingSystem.java:61)
	at org.springframework.boot.logging.logback.LogbackLoggingSystem.initialize(LogbackLoggingSystem.java:196)
	at org.springframework.boot.context.logging.LoggingApplicationListener.initializeSystem(LoggingApplicationListener.java:332)
	... 22 common frames omitted
	Suppressed: java.lang.ClassNotFoundException: net.logstash.logback.encoder.LogstashEncoder
		at java.base/jdk.internal.loader.BuiltinClassLoader.loadClass(BuiltinClassLoader.java:641)
		at java.base/jdk.internal.loader.ClassLoaders$AppClassLoader.loadClass(ClassLoaders.java:188)
		at java.base/java.lang.ClassLoader.loadClass(ClassLoader.java:526)
		at ch.qos.logback.core.util.Loader.loadClass(Loader.java:132)
		at ch.qos.logback.core.model.processor.ImplicitModelHandler.doComplex(ImplicitModelHandler.java:134)
		at ch.qos.logback.core.model.processor.ImplicitModelHandler.handle(ImplicitModelHandler.java:94)
		at ch.qos.logback.core.model.processor.DefaultProcessor.secondPhaseTraverse(DefaultProcessor.java:241)
		at ch.qos.logback.core.model.processor.DefaultProcessor.secondPhaseTraverse(DefaultProcessor.java:253)
		at ch.qos.logback.core.model.processor.DefaultProcessor.secondPhaseTraverse(DefaultProcessor.java:253)
		at ch.qos.logback.core.model.processor.DefaultProcessor.traversalLoop(DefaultProcessor.java:90)
		at ch.qos.logback.core.model.processor.DefaultProcessor.process(DefaultProcessor.java:106)
		at ch.qos.logback.core.joran.GenericXMLConfigurator.processModel(GenericXMLConfigurator.java:222)
		at org.springframework.boot.logging.logback.SpringBootJoranConfigurator.processModel(SpringBootJoranConfigurator.java:133)
		at ch.qos.logback.core.joran.GenericXMLConfigurator.doConfigure(GenericXMLConfigurator.java:178)
		at ch.qos.logback.core.joran.GenericXMLConfigurator.doConfigure(GenericXMLConfigurator.java:123)
		at ch.qos.logback.core.joran.GenericXMLConfigurator.doConfigure(GenericXMLConfigurator.java:66)
		at org.springframework.boot.logging.logback.LogbackLoggingSystem.configureByResourceUrl(LogbackLoggingSystem.java:297)
		at org.springframework.boot.logging.logback.LogbackLoggingSystem.lambda$loadConfiguration$1(LogbackLoggingSystem.java:258)
		at org.springframework.boot.logging.logback.LogbackLoggingSystem.withLoggingSuppressed(LogbackLoggingSystem.java:477)
		at org.springframework.boot.logging.logback.LogbackLoggingSystem.loadConfiguration(LogbackLoggingSystem.java:252)
		... 26 common frames omitted
2024-11-13 01:02:53,751 [restartedMain] INFO  ru.paskal.laba2.Laba2ApplicationKt - Starting Laba2ApplicationKt using Java 21.0.5 with PID 91028 (D:\Edu\7 sem\DIS\laba2\build\classes\kotlin\main started by leva in D:\Edu\7 sem\DIS\laba2)
2024-11-13 01:02:53,753 [restartedMain] INFO  ru.paskal.laba2.Laba2ApplicationKt - No active profile set, falling back to 1 default profile: "default"
2024-11-13 01:02:54,612 [restartedMain] INFO  o.s.d.r.c.RepositoryConfigurationDelegate - Bootstrapping Spring Data JPA repositories in DEFAULT mode.
2024-11-13 01:02:54,641 [restartedMain] INFO  o.s.d.r.c.RepositoryConfigurationDelegate - Finished Spring Data repository scanning in 19 ms. Found 0 JPA repository interfaces.
2024-11-13 01:02:55,707 [restartedMain] INFO  com.zaxxer.hikari.HikariDataSource - HikariPool-1 - Starting...
2024-11-13 01:02:55,907 [restartedMain] INFO  com.zaxxer.hikari.pool.HikariPool - HikariPool-1 - Added connection org.postgresql.jdbc.PgConnection@5213a0ef
2024-11-13 01:02:55,909 [restartedMain] INFO  com.zaxxer.hikari.HikariDataSource - HikariPool-1 - Start completed.
2024-11-13 01:02:55,951 [restartedMain] INFO  o.h.jpa.internal.util.LogHelper - HHH000204: Processing PersistenceUnitInfo [name: default]
2024-11-13 01:02:56,002 [restartedMain] INFO  org.hibernate.Version - HHH000412: Hibernate ORM core version 6.5.3.Final
2024-11-13 01:02:56,032 [restartedMain] INFO  o.h.c.i.RegionFactoryInitiator - HHH000026: Second-level cache disabled
2024-11-13 01:02:56,325 [restartedMain] INFO  o.s.o.j.p.SpringPersistenceUnitInfo - No LoadTimeWeaver setup: ignoring JPA class transformer
2024-11-13 01:02:57,222 [restartedMain] INFO  o.h.e.t.j.p.i.JtaPlatformInitiator - HHH000489: No JTA platform available (set 'hibernate.transaction.jta.platform' to enable JTA platform integration)
2024-11-13 01:02:57,224 [restartedMain] INFO  o.s.o.j.LocalContainerEntityManagerFactoryBean - Initialized JPA EntityManagerFactory for persistence unit 'default'
2024-11-13 01:02:57,245 [restartedMain] INFO  r.p.l.c.WebClientConfiguration - WebClient timeout: 1000
2024-11-13 01:02:57,248 [restartedMain] INFO  r.p.l.c.WebClientConfiguration - WebClientConfiguration initialized
2024-11-13 01:02:58,282 [restartedMain] INFO  o.s.s.c.a.a.c.InitializeUserDetailsBeanManagerConfigurer$InitializeUserDetailsManagerConfigurer - Global AuthenticationManager configured with UserDetailsService bean with name inMemoryUserDetailsManager
2024-11-13 01:02:58,484 [restartedMain] INFO  ru.paskal.laba2.Laba2ApplicationKt - Started Laba2ApplicationKt in 5.226 seconds (process running for 5.757)
2024-11-13 01:02:58,488 [restartedMain] INFO  ru.paskal.laba2.client.Requester - Fetching data from https://api.nobelprize.org/v1/laureate.json
2024-11-13 01:06:00,982 [SpringApplicationShutdownHook] INFO  o.s.o.j.LocalContainerEntityManagerFactoryBean - Closing JPA EntityManagerFactory for persistence unit 'default'
2024-11-13 01:06:00,984 [SpringApplicationShutdownHook] INFO  com.zaxxer.hikari.HikariDataSource - HikariPool-1 - Shutdown initiated...
2024-11-13 01:06:00,992 [SpringApplicationShutdownHook] INFO  com.zaxxer.hikari.HikariDataSource - HikariPool-1 - Shutdown completed.
2024-11-13 01:06:03,606 [restartedMain] INFO  ru.paskal.laba2.Laba2ApplicationKt - Starting Laba2ApplicationKt using Java 21.0.5 with PID 77888 (D:\Edu\7 sem\DIS\laba2\build\classes\kotlin\main started by leva in D:\Edu\7 sem\DIS\laba2)
2024-11-13 01:06:03,607 [restartedMain] INFO  ru.paskal.laba2.Laba2ApplicationKt - No active profile set, falling back to 1 default profile: "default"
2024-11-13 01:06:04,472 [restartedMain] INFO  o.s.d.r.c.RepositoryConfigurationDelegate - Bootstrapping Spring Data JPA repositories in DEFAULT mode.
2024-11-13 01:06:04,495 [restartedMain] INFO  o.s.d.r.c.RepositoryConfigurationDelegate - Finished Spring Data repository scanning in 16 ms. Found 0 JPA repository interfaces.
2024-11-13 01:06:05,665 [restartedMain] INFO  com.zaxxer.hikari.HikariDataSource - HikariPool-1 - Starting...
2024-11-13 01:06:05,858 [restartedMain] INFO  com.zaxxer.hikari.pool.HikariPool - HikariPool-1 - Added connection org.postgresql.jdbc.PgConnection@3f163d94
2024-11-13 01:06:05,859 [restartedMain] INFO  com.zaxxer.hikari.HikariDataSource - HikariPool-1 - Start completed.
2024-11-13 01:06:05,899 [restartedMain] INFO  o.h.jpa.internal.util.LogHelper - HHH000204: Processing PersistenceUnitInfo [name: default]
2024-11-13 01:06:05,948 [restartedMain] INFO  org.hibernate.Version - HHH000412: Hibernate ORM core version 6.5.3.Final
2024-11-13 01:06:05,982 [restartedMain] INFO  o.h.c.i.RegionFactoryInitiator - HHH000026: Second-level cache disabled
2024-11-13 01:06:06,272 [restartedMain] INFO  o.s.o.j.p.SpringPersistenceUnitInfo - No LoadTimeWeaver setup: ignoring JPA class transformer
2024-11-13 01:06:07,144 [restartedMain] INFO  o.h.e.t.j.p.i.JtaPlatformInitiator - HHH000489: No JTA platform available (set 'hibernate.transaction.jta.platform' to enable JTA platform integration)
2024-11-13 01:06:07,147 [restartedMain] INFO  o.s.o.j.LocalContainerEntityManagerFactoryBean - Initialized JPA EntityManagerFactory for persistence unit 'default'
2024-11-13 01:06:07,169 [restartedMain] INFO  r.p.l.c.WebClientConfiguration - WebClient timeout: 1000
2024-11-13 01:06:07,172 [restartedMain] INFO  r.p.l.c.WebClientConfiguration - WebClientConfiguration initialized
2024-11-13 01:06:08,188 [restartedMain] INFO  o.s.s.c.a.a.c.InitializeUserDetailsBeanManagerConfigurer$InitializeUserDetailsManagerConfigurer - Global AuthenticationManager configured with UserDetailsService bean with name inMemoryUserDetailsManager
2024-11-13 01:06:08,422 [restartedMain] INFO  ru.paskal.laba2.Laba2ApplicationKt - Started Laba2ApplicationKt in 5.323 seconds (process running for 5.849)
2024-11-13 01:06:08,427 [restartedMain] INFO  ru.paskal.laba2.client.Requester - Fetching data from https://api.nobelprize.org/v1/laureate.json
2024-11-13 01:06:14,897 [SpringApplicationShutdownHook] INFO  o.s.o.j.LocalContainerEntityManagerFactoryBean - Closing JPA EntityManagerFactory for persistence unit 'default'
2024-11-13 01:06:14,900 [SpringApplicationShutdownHook] INFO  com.zaxxer.hikari.HikariDataSource - HikariPool-1 - Shutdown initiated...
2024-11-13 01:06:14,906 [SpringApplicationShutdownHook] INFO  com.zaxxer.hikari.HikariDataSource - HikariPool-1 - Shutdown completed.
2024-11-13 01:06:17,366 [restartedMain] INFO  ru.paskal.laba2.Laba2ApplicationKt - Starting Laba2ApplicationKt using Java 21.0.5 with PID 89312 (D:\Edu\7 sem\DIS\laba2\build\classes\kotlin\main started by leva in D:\Edu\7 sem\DIS\laba2)
2024-11-13 01:06:17,368 [restartedMain] INFO  ru.paskal.laba2.Laba2ApplicationKt - No active profile set, falling back to 1 default profile: "default"
2024-11-13 01:06:18,140 [restartedMain] INFO  o.s.d.r.c.RepositoryConfigurationDelegate - Bootstrapping Spring Data JPA repositories in DEFAULT mode.
2024-11-13 01:06:18,162 [restartedMain] INFO  o.s.d.r.c.RepositoryConfigurationDelegate - Finished Spring Data repository scanning in 15 ms. Found 0 JPA repository interfaces.
2024-11-13 01:06:19,044 [restartedMain] INFO  com.zaxxer.hikari.HikariDataSource - HikariPool-1 - Starting...
2024-11-13 01:06:19,224 [restartedMain] INFO  com.zaxxer.hikari.pool.HikariPool - HikariPool-1 - Added connection org.postgresql.jdbc.PgConnection@46bf8a68
2024-11-13 01:06:19,225 [restartedMain] INFO  com.zaxxer.hikari.HikariDataSource - HikariPool-1 - Start completed.
2024-11-13 01:06:19,264 [restartedMain] INFO  o.h.jpa.internal.util.LogHelper - HHH000204: Processing PersistenceUnitInfo [name: default]
2024-11-13 01:06:19,318 [restartedMain] INFO  org.hibernate.Version - HHH000412: Hibernate ORM core version 6.5.3.Final
2024-11-13 01:06:19,349 [restartedMain] INFO  o.h.c.i.RegionFactoryInitiator - HHH000026: Second-level cache disabled
2024-11-13 01:06:19,633 [restartedMain] INFO  o.s.o.j.p.SpringPersistenceUnitInfo - No LoadTimeWeaver setup: ignoring JPA class transformer
2024-11-13 01:06:20,491 [restartedMain] INFO  o.h.e.t.j.p.i.JtaPlatformInitiator - HHH000489: No JTA platform available (set 'hibernate.transaction.jta.platform' to enable JTA platform integration)
2024-11-13 01:06:20,494 [restartedMain] INFO  o.s.o.j.LocalContainerEntityManagerFactoryBean - Initialized JPA EntityManagerFactory for persistence unit 'default'
2024-11-13 01:06:20,515 [restartedMain] INFO  r.p.l.c.WebClientConfiguration - WebClient timeout: 1000
2024-11-13 01:06:20,517 [restartedMain] INFO  r.p.l.c.WebClientConfiguration - WebClientConfiguration initialized
2024-11-13 01:06:21,561 [restartedMain] INFO  o.s.s.c.a.a.c.InitializeUserDetailsBeanManagerConfigurer$InitializeUserDetailsManagerConfigurer - Global AuthenticationManager configured with UserDetailsService bean with name inMemoryUserDetailsManager
2024-11-13 01:06:21,757 [restartedMain] INFO  ru.paskal.laba2.Laba2ApplicationKt - Started Laba2ApplicationKt in 4.838 seconds (process running for 5.349)
2024-11-13 01:06:21,761 [restartedMain] INFO  ru.paskal.laba2.client.Requester - Fetching data from https://api.nobelprize.org/v1/laureate.json
2024-11-13 01:06:29,279 [SpringApplicationShutdownHook] INFO  o.s.o.j.LocalContainerEntityManagerFactoryBean - Closing JPA EntityManagerFactory for persistence unit 'default'
2024-11-13 01:06:29,282 [SpringApplicationShutdownHook] INFO  com.zaxxer.hikari.HikariDataSource - HikariPool-1 - Shutdown initiated...
2024-11-13 01:06:29,286 [SpringApplicationShutdownHook] INFO  com.zaxxer.hikari.HikariDataSource - HikariPool-1 - Shutdown completed.
2024-11-13 01:06:31,840 [restartedMain] INFO  ru.paskal.laba2.Laba2ApplicationKt - Starting Laba2ApplicationKt using Java 21.0.5 with PID 18848 (D:\Edu\7 sem\DIS\laba2\build\classes\kotlin\main started by leva in D:\Edu\7 sem\DIS\laba2)
2024-11-13 01:06:31,842 [restartedMain] INFO  ru.paskal.laba2.Laba2ApplicationKt - No active profile set, falling back to 1 default profile: "default"
2024-11-13 01:06:32,606 [restartedMain] INFO  o.s.d.r.c.RepositoryConfigurationDelegate - Bootstrapping Spring Data JPA repositories in DEFAULT mode.
2024-11-13 01:06:32,628 [restartedMain] INFO  o.s.d.r.c.RepositoryConfigurationDelegate - Finished Spring Data repository scanning in 14 ms. Found 0 JPA repository interfaces.
2024-11-13 01:06:33,505 [restartedMain] INFO  com.zaxxer.hikari.HikariDataSource - HikariPool-1 - Starting...
2024-11-13 01:06:33,698 [restartedMain] INFO  com.zaxxer.hikari.pool.HikariPool - HikariPool-1 - Added connection org.postgresql.jdbc.PgConnection@1e19fc2
2024-11-13 01:06:33,700 [restartedMain] INFO  com.zaxxer.hikari.HikariDataSource - HikariPool-1 - Start completed.
2024-11-13 01:06:33,740 [restartedMain] INFO  o.h.jpa.internal.util.LogHelper - HHH000204: Processing PersistenceUnitInfo [name: default]
2024-11-13 01:06:33,790 [restartedMain] INFO  org.hibernate.Version - HHH000412: Hibernate ORM core version 6.5.3.Final
2024-11-13 01:06:33,825 [restartedMain] INFO  o.h.c.i.RegionFactoryInitiator - HHH000026: Second-level cache disabled
2024-11-13 01:06:34,120 [restartedMain] INFO  o.s.o.j.p.SpringPersistenceUnitInfo - No LoadTimeWeaver setup: ignoring JPA class transformer
2024-11-13 01:06:35,060 [restartedMain] INFO  o.h.e.t.j.p.i.JtaPlatformInitiator - HHH000489: No JTA platform available (set 'hibernate.transaction.jta.platform' to enable JTA platform integration)
2024-11-13 01:06:35,063 [restartedMain] INFO  o.s.o.j.LocalContainerEntityManagerFactoryBean - Initialized JPA EntityManagerFactory for persistence unit 'default'
2024-11-13 01:06:35,083 [restartedMain] INFO  r.p.l.c.WebClientConfiguration - WebClient timeout: 1000
2024-11-13 01:06:35,086 [restartedMain] INFO  r.p.l.c.WebClientConfiguration - WebClientConfiguration initialized
2024-11-13 01:06:36,132 [restartedMain] INFO  o.s.s.c.a.a.c.InitializeUserDetailsBeanManagerConfigurer$InitializeUserDetailsManagerConfigurer - Global AuthenticationManager configured with UserDetailsService bean with name inMemoryUserDetailsManager
2024-11-13 01:06:36,322 [restartedMain] INFO  ru.paskal.laba2.Laba2ApplicationKt - Started Laba2ApplicationKt in 4.98 seconds (process running for 5.491)
2024-11-13 01:06:36,325 [restartedMain] INFO  ru.paskal.laba2.client.Requester - Fetching data from https://api.nobelprize.org/v1/laureate.json
2024-11-13 01:12:43,599 [SpringApplicationShutdownHook] INFO  o.s.o.j.LocalContainerEntityManagerFactoryBean - Closing JPA EntityManagerFactory for persistence unit 'default'
2024-11-13 01:12:43,601 [SpringApplicationShutdownHook] INFO  com.zaxxer.hikari.HikariDataSource - HikariPool-1 - Shutdown initiated...
2024-11-13 01:12:43,608 [SpringApplicationShutdownHook] INFO  com.zaxxer.hikari.HikariDataSource - HikariPool-1 - Shutdown completed.
2024-11-13 01:14:56,926 [restartedMain] INFO  ru.paskal.laba2.Laba2ApplicationKt - Starting Laba2ApplicationKt using Java 21.0.5 with PID 1704 (D:\Edu\7 sem\DIS\laba2\build\classes\kotlin\main started by leva in D:\Edu\7 sem\DIS\laba2)
2024-11-13 01:14:56,928 [restartedMain] INFO  ru.paskal.laba2.Laba2ApplicationKt - No active profile set, falling back to 1 default profile: "default"
2024-11-13 01:14:57,912 [restartedMain] INFO  o.s.d.r.c.RepositoryConfigurationDelegate - Bootstrapping Spring Data JPA repositories in DEFAULT mode.
2024-11-13 01:14:57,938 [restartedMain] INFO  o.s.d.r.c.RepositoryConfigurationDelegate - Finished Spring Data repository scanning in 18 ms. Found 0 JPA repository interfaces.
2024-11-13 01:14:58,980 [restartedMain] INFO  com.zaxxer.hikari.HikariDataSource - HikariPool-1 - Starting...
2024-11-13 01:14:59,156 [restartedMain] INFO  com.zaxxer.hikari.pool.HikariPool - HikariPool-1 - Added connection org.postgresql.jdbc.PgConnection@308b8721
2024-11-13 01:14:59,158 [restartedMain] INFO  com.zaxxer.hikari.HikariDataSource - HikariPool-1 - Start completed.
2024-11-13 01:14:59,205 [restartedMain] INFO  o.h.jpa.internal.util.LogHelper - HHH000204: Processing PersistenceUnitInfo [name: default]
2024-11-13 01:14:59,252 [restartedMain] INFO  org.hibernate.Version - HHH000412: Hibernate ORM core version 6.5.3.Final
2024-11-13 01:14:59,289 [restartedMain] INFO  o.h.c.i.RegionFactoryInitiator - HHH000026: Second-level cache disabled
2024-11-13 01:14:59,567 [restartedMain] INFO  o.s.o.j.p.SpringPersistenceUnitInfo - No LoadTimeWeaver setup: ignoring JPA class transformer
2024-11-13 01:15:00,443 [restartedMain] INFO  o.h.e.t.j.p.i.JtaPlatformInitiator - HHH000489: No JTA platform available (set 'hibernate.transaction.jta.platform' to enable JTA platform integration)
2024-11-13 01:15:00,446 [restartedMain] INFO  o.s.o.j.LocalContainerEntityManagerFactoryBean - Initialized JPA EntityManagerFactory for persistence unit 'default'
2024-11-13 01:15:00,465 [restartedMain] INFO  r.p.l.c.WebClientConfiguration - WebClient timeout: 1000
2024-11-13 01:15:00,468 [restartedMain] INFO  r.p.l.c.WebClientConfiguration - WebClientConfiguration initialized
2024-11-13 01:15:01,597 [restartedMain] INFO  o.s.s.c.a.a.c.InitializeUserDetailsBeanManagerConfigurer$InitializeUserDetailsManagerConfigurer - Global AuthenticationManager configured with UserDetailsService bean with name inMemoryUserDetailsManager
2024-11-13 01:15:01,796 [restartedMain] INFO  ru.paskal.laba2.Laba2ApplicationKt - Started Laba2ApplicationKt in 5.469 seconds (process running for 6.458)
2024-11-13 01:15:01,800 [restartedMain] INFO  ru.paskal.laba2.client.Requester - Fetching data from https://api.nobelprize.org/v1/laureate.json
2024-11-13 01:19:01,555 [SpringApplicationShutdownHook] INFO  o.s.o.j.LocalContainerEntityManagerFactoryBean - Closing JPA EntityManagerFactory for persistence unit 'default'
2024-11-13 01:19:01,558 [SpringApplicationShutdownHook] INFO  com.zaxxer.hikari.HikariDataSource - HikariPool-1 - Shutdown initiated...
2024-11-13 01:19:01,562 [SpringApplicationShutdownHook] INFO  com.zaxxer.hikari.HikariDataSource - HikariPool-1 - Shutdown completed.
2024-11-13 01:19:05,759 [restartedMain] INFO  ru.paskal.laba2.Laba2ApplicationKt - Starting Laba2ApplicationKt using Java 21.0.5 with PID 91876 (D:\Edu\7 sem\DIS\laba2\build\classes\kotlin\main started by leva in D:\Edu\7 sem\DIS\laba2)
2024-11-13 01:19:05,760 [restartedMain] INFO  ru.paskal.laba2.Laba2ApplicationKt - No active profile set, falling back to 1 default profile: "default"
2024-11-13 01:19:06,539 [restartedMain] INFO  o.s.d.r.c.RepositoryConfigurationDelegate - Bootstrapping Spring Data JPA repositories in DEFAULT mode.
2024-11-13 01:19:06,561 [restartedMain] INFO  o.s.d.r.c.RepositoryConfigurationDelegate - Finished Spring Data repository scanning in 15 ms. Found 0 JPA repository interfaces.
2024-11-13 01:19:07,441 [restartedMain] INFO  com.zaxxer.hikari.HikariDataSource - HikariPool-1 - Starting...
2024-11-13 01:19:07,631 [restartedMain] INFO  com.zaxxer.hikari.pool.HikariPool - HikariPool-1 - Added connection org.postgresql.jdbc.PgConnection@183ea69
2024-11-13 01:19:07,632 [restartedMain] INFO  com.zaxxer.hikari.HikariDataSource - HikariPool-1 - Start completed.
2024-11-13 01:19:07,676 [restartedMain] INFO  o.h.jpa.internal.util.LogHelper - HHH000204: Processing PersistenceUnitInfo [name: default]
2024-11-13 01:19:07,727 [restartedMain] INFO  org.hibernate.Version - HHH000412: Hibernate ORM core version 6.5.3.Final
2024-11-13 01:19:07,761 [restartedMain] INFO  o.h.c.i.RegionFactoryInitiator - HHH000026: Second-level cache disabled
2024-11-13 01:19:08,046 [restartedMain] INFO  o.s.o.j.p.SpringPersistenceUnitInfo - No LoadTimeWeaver setup: ignoring JPA class transformer
2024-11-13 01:19:08,890 [restartedMain] INFO  o.h.e.t.j.p.i.JtaPlatformInitiator - HHH000489: No JTA platform available (set 'hibernate.transaction.jta.platform' to enable JTA platform integration)
2024-11-13 01:19:08,892 [restartedMain] INFO  o.s.o.j.LocalContainerEntityManagerFactoryBean - Initialized JPA EntityManagerFactory for persistence unit 'default'
2024-11-13 01:19:08,912 [restartedMain] INFO  r.p.l.c.WebClientConfiguration - WebClient timeout: 1000
2024-11-13 01:19:08,915 [restartedMain] INFO  r.p.l.c.WebClientConfiguration - WebClientConfiguration initialized
2024-11-13 01:19:09,903 [restartedMain] INFO  o.s.s.c.a.a.c.InitializeUserDetailsBeanManagerConfigurer$InitializeUserDetailsManagerConfigurer - Global AuthenticationManager configured with UserDetailsService bean with name inMemoryUserDetailsManager
2024-11-13 01:19:10,087 [restartedMain] INFO  ru.paskal.laba2.Laba2ApplicationKt - Started Laba2ApplicationKt in 4.783 seconds (process running for 5.347)
2024-11-13 01:19:10,090 [restartedMain] INFO  ru.paskal.laba2.client.Requester - Fetching data from https://api.nobelprize.org/v1/laureate.json
2024-11-13 01:19:14,904 [SpringApplicationShutdownHook] INFO  o.s.o.j.LocalContainerEntityManagerFactoryBean - Closing JPA EntityManagerFactory for persistence unit 'default'
2024-11-13 01:19:14,907 [SpringApplicationShutdownHook] INFO  com.zaxxer.hikari.HikariDataSource - HikariPool-1 - Shutdown initiated...
2024-11-13 01:19:14,912 [SpringApplicationShutdownHook] INFO  com.zaxxer.hikari.HikariDataSource - HikariPool-1 - Shutdown completed.
2024-11-13 01:19:18,588 [restartedMain] INFO  ru.paskal.laba2.Laba2ApplicationKt - Starting Laba2ApplicationKt using Java 21.0.5 with PID 90256 (D:\Edu\7 sem\DIS\laba2\build\classes\kotlin\main started by leva in D:\Edu\7 sem\DIS\laba2)
2024-11-13 01:19:18,590 [restartedMain] INFO  ru.paskal.laba2.Laba2ApplicationKt - No active profile set, falling back to 1 default profile: "default"
2024-11-13 01:19:19,413 [restartedMain] INFO  o.s.d.r.c.RepositoryConfigurationDelegate - Bootstrapping Spring Data JPA repositories in DEFAULT mode.
2024-11-13 01:19:19,439 [restartedMain] INFO  o.s.d.r.c.RepositoryConfigurationDelegate - Finished Spring Data repository scanning in 19 ms. Found 0 JPA repository interfaces.
2024-11-13 01:19:20,340 [restartedMain] INFO  com.zaxxer.hikari.HikariDataSource - HikariPool-1 - Starting...
2024-11-13 01:19:20,537 [restartedMain] INFO  com.zaxxer.hikari.pool.HikariPool - HikariPool-1 - Added connection org.postgresql.jdbc.PgConnection@178d2957
2024-11-13 01:19:20,538 [restartedMain] INFO  com.zaxxer.hikari.HikariDataSource - HikariPool-1 - Start completed.
2024-11-13 01:19:20,582 [restartedMain] INFO  o.h.jpa.internal.util.LogHelper - HHH000204: Processing PersistenceUnitInfo [name: default]
2024-11-13 01:19:20,631 [restartedMain] INFO  org.hibernate.Version - HHH000412: Hibernate ORM core version 6.5.3.Final
2024-11-13 01:19:20,663 [restartedMain] INFO  o.h.c.i.RegionFactoryInitiator - HHH000026: Second-level cache disabled
2024-11-13 01:19:20,951 [restartedMain] INFO  o.s.o.j.p.SpringPersistenceUnitInfo - No LoadTimeWeaver setup: ignoring JPA class transformer
2024-11-13 01:19:21,819 [restartedMain] INFO  o.h.e.t.j.p.i.JtaPlatformInitiator - HHH000489: No JTA platform available (set 'hibernate.transaction.jta.platform' to enable JTA platform integration)
2024-11-13 01:19:21,822 [restartedMain] INFO  o.s.o.j.LocalContainerEntityManagerFactoryBean - Initialized JPA EntityManagerFactory for persistence unit 'default'
2024-11-13 01:19:21,841 [restartedMain] INFO  r.p.l.c.WebClientConfiguration - WebClient timeout: 1000
2024-11-13 01:19:21,845 [restartedMain] INFO  r.p.l.c.WebClientConfiguration - WebClientConfiguration initialized
2024-11-13 01:19:22,839 [restartedMain] INFO  o.s.s.c.a.a.c.InitializeUserDetailsBeanManagerConfigurer$InitializeUserDetailsManagerConfigurer - Global AuthenticationManager configured with UserDetailsService bean with name inMemoryUserDetailsManager
2024-11-13 01:19:23,041 [restartedMain] INFO  ru.paskal.laba2.Laba2ApplicationKt - Started Laba2ApplicationKt in 4.945 seconds (process running for 5.519)
2024-11-13 01:19:23,048 [restartedMain] INFO  ru.paskal.laba2.client.Requester - Fetching data from https://api.nobelprize.org/v1/laureate.json
2024-11-13 01:19:29,515 [SpringApplicationShutdownHook] INFO  o.s.o.j.LocalContainerEntityManagerFactoryBean - Closing JPA EntityManagerFactory for persistence unit 'default'
2024-11-13 01:19:29,518 [SpringApplicationShutdownHook] INFO  com.zaxxer.hikari.HikariDataSource - HikariPool-1 - Shutdown initiated...
2024-11-13 01:19:29,525 [SpringApplicationShutdownHook] INFO  com.zaxxer.hikari.HikariDataSource - HikariPool-1 - Shutdown completed.
2024-11-13 01:19:32,845 [restartedMain] INFO  ru.paskal.laba2.Laba2ApplicationKt - Starting Laba2ApplicationKt using Java 21.0.5 with PID 81460 (D:\Edu\7 sem\DIS\laba2\build\classes\kotlin\main started by leva in D:\Edu\7 sem\DIS\laba2)
2024-11-13 01:19:32,847 [restartedMain] INFO  ru.paskal.laba2.Laba2ApplicationKt - No active profile set, falling back to 1 default profile: "default"
2024-11-13 01:19:33,639 [restartedMain] INFO  o.s.d.r.c.RepositoryConfigurationDelegate - Bootstrapping Spring Data JPA repositories in DEFAULT mode.
2024-11-13 01:19:33,662 [restartedMain] INFO  o.s.d.r.c.RepositoryConfigurationDelegate - Finished Spring Data repository scanning in 15 ms. Found 0 JPA repository interfaces.
2024-11-13 01:19:34,527 [restartedMain] INFO  com.zaxxer.hikari.HikariDataSource - HikariPool-1 - Starting...
2024-11-13 01:19:34,707 [restartedMain] INFO  com.zaxxer.hikari.pool.HikariPool - HikariPool-1 - Added connection org.postgresql.jdbc.PgConnection@1e19fc2
2024-11-13 01:19:34,708 [restartedMain] INFO  com.zaxxer.hikari.HikariDataSource - HikariPool-1 - Start completed.
2024-11-13 01:19:34,753 [restartedMain] INFO  o.h.jpa.internal.util.LogHelper - HHH000204: Processing PersistenceUnitInfo [name: default]
2024-11-13 01:19:34,808 [restartedMain] INFO  org.hibernate.Version - HHH000412: Hibernate ORM core version 6.5.3.Final
2024-11-13 01:19:34,837 [restartedMain] INFO  o.h.c.i.RegionFactoryInitiator - HHH000026: Second-level cache disabled
2024-11-13 01:19:35,124 [restartedMain] INFO  o.s.o.j.p.SpringPersistenceUnitInfo - No LoadTimeWeaver setup: ignoring JPA class transformer
2024-11-13 01:19:35,969 [restartedMain] INFO  o.h.e.t.j.p.i.JtaPlatformInitiator - HHH000489: No JTA platform available (set 'hibernate.transaction.jta.platform' to enable JTA platform integration)
2024-11-13 01:19:35,971 [restartedMain] INFO  o.s.o.j.LocalContainerEntityManagerFactoryBean - Initialized JPA EntityManagerFactory for persistence unit 'default'
2024-11-13 01:19:35,992 [restartedMain] INFO  r.p.l.c.WebClientConfiguration - WebClient timeout: 1000
2024-11-13 01:19:35,995 [restartedMain] INFO  r.p.l.c.WebClientConfiguration - WebClientConfiguration initialized
2024-11-13 01:19:37,012 [restartedMain] INFO  o.s.s.c.a.a.c.InitializeUserDetailsBeanManagerConfigurer$InitializeUserDetailsManagerConfigurer - Global AuthenticationManager configured with UserDetailsService bean with name inMemoryUserDetailsManager
2024-11-13 01:19:37,212 [restartedMain] INFO  ru.paskal.laba2.Laba2ApplicationKt - Started Laba2ApplicationKt in 4.82 seconds (process running for 5.371)
2024-11-13 01:19:37,216 [restartedMain] INFO  ru.paskal.laba2.client.Requester - Fetching data from https://api.nobelprize.org/v1/laureate.json
2024-11-13 01:20:57,466 [SpringApplicationShutdownHook] INFO  o.s.o.j.LocalContainerEntityManagerFactoryBean - Closing JPA EntityManagerFactory for persistence unit 'default'
2024-11-13 01:20:57,470 [SpringApplicationShutdownHook] INFO  com.zaxxer.hikari.HikariDataSource - HikariPool-1 - Shutdown initiated...
2024-11-13 01:20:57,476 [SpringApplicationShutdownHook] INFO  com.zaxxer.hikari.HikariDataSource - HikariPool-1 - Shutdown completed.
2024-11-13 01:21:01,062 [restartedMain] INFO  ru.paskal.laba2.Laba2ApplicationKt - Starting Laba2ApplicationKt using Java 21.0.5 with PID 16656 (D:\Edu\7 sem\DIS\laba2\build\classes\kotlin\main started by leva in D:\Edu\7 sem\DIS\laba2)
2024-11-13 01:21:01,063 [restartedMain] INFO  ru.paskal.laba2.Laba2ApplicationKt - No active profile set, falling back to 1 default profile: "default"
2024-11-13 01:21:02,057 [restartedMain] INFO  o.s.d.r.c.RepositoryConfigurationDelegate - Bootstrapping Spring Data JPA repositories in DEFAULT mode.
2024-11-13 01:21:02,080 [restartedMain] INFO  o.s.d.r.c.RepositoryConfigurationDelegate - Finished Spring Data repository scanning in 15 ms. Found 0 JPA repository interfaces.
2024-11-13 01:21:02,959 [restartedMain] INFO  com.zaxxer.hikari.HikariDataSource - HikariPool-1 - Starting...
2024-11-13 01:21:03,140 [restartedMain] INFO  com.zaxxer.hikari.pool.HikariPool - HikariPool-1 - Added connection org.postgresql.jdbc.PgConnection@1e19fc2
2024-11-13 01:21:03,141 [restartedMain] INFO  com.zaxxer.hikari.HikariDataSource - HikariPool-1 - Start completed.
2024-11-13 01:21:03,185 [restartedMain] INFO  o.h.jpa.internal.util.LogHelper - HHH000204: Processing PersistenceUnitInfo [name: default]
2024-11-13 01:21:03,234 [restartedMain] INFO  org.hibernate.Version - HHH000412: Hibernate ORM core version 6.5.3.Final
2024-11-13 01:21:03,265 [restartedMain] INFO  o.h.c.i.RegionFactoryInitiator - HHH000026: Second-level cache disabled
2024-11-13 01:21:03,542 [restartedMain] INFO  o.s.o.j.p.SpringPersistenceUnitInfo - No LoadTimeWeaver setup: ignoring JPA class transformer
2024-11-13 01:21:04,376 [restartedMain] INFO  o.h.e.t.j.p.i.JtaPlatformInitiator - HHH000489: No JTA platform available (set 'hibernate.transaction.jta.platform' to enable JTA platform integration)
2024-11-13 01:21:04,379 [restartedMain] INFO  o.s.o.j.LocalContainerEntityManagerFactoryBean - Initialized JPA EntityManagerFactory for persistence unit 'default'
2024-11-13 01:21:04,399 [restartedMain] INFO  r.p.l.c.WebClientConfiguration - WebClient timeout: 1000
2024-11-13 01:21:04,403 [restartedMain] INFO  r.p.l.c.WebClientConfiguration - WebClientConfiguration initialized
2024-11-13 01:21:05,376 [restartedMain] INFO  o.s.s.c.a.a.c.InitializeUserDetailsBeanManagerConfigurer$InitializeUserDetailsManagerConfigurer - Global AuthenticationManager configured with UserDetailsService bean with name inMemoryUserDetailsManager
2024-11-13 01:21:05,553 [restartedMain] INFO  ru.paskal.laba2.Laba2ApplicationKt - Started Laba2ApplicationKt in 4.99 seconds (process running for 5.662)
2024-11-13 01:21:05,557 [restartedMain] INFO  ru.paskal.laba2.client.Requester - Fetching data from https://api.nobelprize.org/v1/laureate.json
2024-11-13 01:22:10,274 [SpringApplicationShutdownHook] INFO  o.s.o.j.LocalContainerEntityManagerFactoryBean - Closing JPA EntityManagerFactory for persistence unit 'default'
2024-11-13 01:22:10,276 [SpringApplicationShutdownHook] INFO  com.zaxxer.hikari.HikariDataSource - HikariPool-1 - Shutdown initiated...
2024-11-13 01:22:10,281 [SpringApplicationShutdownHook] INFO  com.zaxxer.hikari.HikariDataSource - HikariPool-1 - Shutdown completed.
2024-11-13 01:22:13,508 [restartedMain] INFO  ru.paskal.laba2.Laba2ApplicationKt - Starting Laba2ApplicationKt using Java 21.0.5 with PID 34336 (D:\Edu\7 sem\DIS\laba2\build\classes\kotlin\main started by leva in D:\Edu\7 sem\DIS\laba2)
2024-11-13 01:22:13,510 [restartedMain] INFO  ru.paskal.laba2.Laba2ApplicationKt - No active profile set, falling back to 1 default profile: "default"
2024-11-13 01:22:14,280 [restartedMain] INFO  o.s.d.r.c.RepositoryConfigurationDelegate - Bootstrapping Spring Data JPA repositories in DEFAULT mode.
2024-11-13 01:22:14,307 [restartedMain] INFO  o.s.d.r.c.RepositoryConfigurationDelegate - Finished Spring Data repository scanning in 20 ms. Found 0 JPA repository interfaces.
2024-11-13 01:22:15,189 [restartedMain] INFO  com.zaxxer.hikari.HikariDataSource - HikariPool-1 - Starting...
2024-11-13 01:22:15,372 [restartedMain] INFO  com.zaxxer.hikari.pool.HikariPool - HikariPool-1 - Added connection org.postgresql.jdbc.PgConnection@3d52b542
2024-11-13 01:22:15,374 [restartedMain] INFO  com.zaxxer.hikari.HikariDataSource - HikariPool-1 - Start completed.
2024-11-13 01:22:15,421 [restartedMain] INFO  o.h.jpa.internal.util.LogHelper - HHH000204: Processing PersistenceUnitInfo [name: default]
2024-11-13 01:22:15,472 [restartedMain] INFO  org.hibernate.Version - HHH000412: Hibernate ORM core version 6.5.3.Final
2024-11-13 01:22:15,504 [restartedMain] INFO  o.h.c.i.RegionFactoryInitiator - HHH000026: Second-level cache disabled
2024-11-13 01:22:15,784 [restartedMain] INFO  o.s.o.j.p.SpringPersistenceUnitInfo - No LoadTimeWeaver setup: ignoring JPA class transformer
2024-11-13 01:22:16,635 [restartedMain] INFO  o.h.e.t.j.p.i.JtaPlatformInitiator - HHH000489: No JTA platform available (set 'hibernate.transaction.jta.platform' to enable JTA platform integration)
2024-11-13 01:22:16,638 [restartedMain] INFO  o.s.o.j.LocalContainerEntityManagerFactoryBean - Initialized JPA EntityManagerFactory for persistence unit 'default'
2024-11-13 01:22:16,657 [restartedMain] INFO  r.p.l.c.WebClientConfiguration - WebClient timeout: 1000
2024-11-13 01:22:16,660 [restartedMain] INFO  r.p.l.c.WebClientConfiguration - WebClientConfiguration initialized
2024-11-13 01:22:17,640 [restartedMain] INFO  o.s.s.c.a.a.c.InitializeUserDetailsBeanManagerConfigurer$InitializeUserDetailsManagerConfigurer - Global AuthenticationManager configured with UserDetailsService bean with name inMemoryUserDetailsManager
2024-11-13 01:22:17,844 [restartedMain] INFO  ru.paskal.laba2.Laba2ApplicationKt - Started Laba2ApplicationKt in 4.804 seconds (process running for 5.365)
2024-11-13 01:22:17,848 [restartedMain] INFO  ru.paskal.laba2.client.Requester - Fetching data from https://api.nobelprize.org/v1/laureate.json
2024-11-13 01:32:43,810 [SpringApplicationShutdownHook] INFO  o.s.o.j.LocalContainerEntityManagerFactoryBean - Closing JPA EntityManagerFactory for persistence unit 'default'
2024-11-13 01:32:43,813 [SpringApplicationShutdownHook] INFO  com.zaxxer.hikari.HikariDataSource - HikariPool-1 - Shutdown initiated...
2024-11-13 01:32:43,819 [SpringApplicationShutdownHook] INFO  com.zaxxer.hikari.HikariDataSource - HikariPool-1 - Shutdown completed.
2024-11-13 01:32:47,384 [restartedMain] INFO  ru.paskal.laba2.Laba2ApplicationKt - Starting Laba2ApplicationKt using Java 21.0.5 with PID 90816 (D:\Edu\7 sem\DIS\laba2\build\classes\kotlin\main started by leva in D:\Edu\7 sem\DIS\laba2)
2024-11-13 01:32:47,385 [restartedMain] INFO  ru.paskal.laba2.Laba2ApplicationKt - No active profile set, falling back to 1 default profile: "default"
2024-11-13 01:32:48,149 [restartedMain] INFO  o.s.d.r.c.RepositoryConfigurationDelegate - Bootstrapping Spring Data JPA repositories in DEFAULT mode.
2024-11-13 01:32:48,172 [restartedMain] INFO  o.s.d.r.c.RepositoryConfigurationDelegate - Finished Spring Data repository scanning in 15 ms. Found 0 JPA repository interfaces.
2024-11-13 01:32:49,056 [restartedMain] INFO  com.zaxxer.hikari.HikariDataSource - HikariPool-1 - Starting...
2024-11-13 01:32:49,257 [restartedMain] INFO  com.zaxxer.hikari.pool.HikariPool - HikariPool-1 - Added connection org.postgresql.jdbc.PgConnection@388a1a5d
2024-11-13 01:32:49,258 [restartedMain] INFO  com.zaxxer.hikari.HikariDataSource - HikariPool-1 - Start completed.
2024-11-13 01:32:49,308 [restartedMain] INFO  o.h.jpa.internal.util.LogHelper - HHH000204: Processing PersistenceUnitInfo [name: default]
2024-11-13 01:32:49,362 [restartedMain] INFO  org.hibernate.Version - HHH000412: Hibernate ORM core version 6.5.3.Final
2024-11-13 01:32:49,391 [restartedMain] INFO  o.h.c.i.RegionFactoryInitiator - HHH000026: Second-level cache disabled
2024-11-13 01:32:49,690 [restartedMain] INFO  o.s.o.j.p.SpringPersistenceUnitInfo - No LoadTimeWeaver setup: ignoring JPA class transformer
2024-11-13 01:32:50,600 [restartedMain] INFO  o.h.e.t.j.p.i.JtaPlatformInitiator - HHH000489: No JTA platform available (set 'hibernate.transaction.jta.platform' to enable JTA platform integration)
2024-11-13 01:32:50,602 [restartedMain] INFO  o.s.o.j.LocalContainerEntityManagerFactoryBean - Initialized JPA EntityManagerFactory for persistence unit 'default'
2024-11-13 01:32:50,626 [restartedMain] INFO  r.p.l.c.WebClientConfiguration - WebClient timeout: 1000
2024-11-13 01:32:50,629 [restartedMain] INFO  r.p.l.c.WebClientConfiguration - WebClientConfiguration initialized
2024-11-13 01:32:51,708 [restartedMain] INFO  o.s.s.c.a.a.c.InitializeUserDetailsBeanManagerConfigurer$InitializeUserDetailsManagerConfigurer - Global AuthenticationManager configured with UserDetailsService bean with name inMemoryUserDetailsManager
2024-11-13 01:32:51,913 [restartedMain] INFO  ru.paskal.laba2.Laba2ApplicationKt - Started Laba2ApplicationKt in 4.988 seconds (process running for 5.507)
2024-11-13 01:32:51,917 [restartedMain] INFO  ru.paskal.laba2.client.Requester - Fetching data from https://api.nobelprize.org/v1/laureate.json
2024-11-13 01:38:14,876 [SpringApplicationShutdownHook] INFO  o.s.o.j.LocalContainerEntityManagerFactoryBean - Closing JPA EntityManagerFactory for persistence unit 'default'
2024-11-13 01:38:14,879 [SpringApplicationShutdownHook] INFO  com.zaxxer.hikari.HikariDataSource - HikariPool-1 - Shutdown initiated...
2024-11-13 01:38:14,883 [SpringApplicationShutdownHook] INFO  com.zaxxer.hikari.HikariDataSource - HikariPool-1 - Shutdown completed.
2024-11-13 01:38:18,521 [restartedMain] INFO  ru.paskal.laba2.Laba2ApplicationKt - Starting Laba2ApplicationKt using Java 21.0.5 with PID 89196 (D:\Edu\7 sem\DIS\laba2\build\classes\kotlin\main started by leva in D:\Edu\7 sem\DIS\laba2)
2024-11-13 01:38:18,522 [restartedMain] INFO  ru.paskal.laba2.Laba2ApplicationKt - No active profile set, falling back to 1 default profile: "default"
2024-11-13 01:38:19,305 [restartedMain] INFO  o.s.d.r.c.RepositoryConfigurationDelegate - Bootstrapping Spring Data JPA repositories in DEFAULT mode.
2024-11-13 01:38:19,331 [restartedMain] INFO  o.s.d.r.c.RepositoryConfigurationDelegate - Finished Spring Data repository scanning in 18 ms. Found 0 JPA repository interfaces.
2024-11-13 01:38:20,200 [restartedMain] INFO  com.zaxxer.hikari.HikariDataSource - HikariPool-1 - Starting...
2024-11-13 01:38:20,383 [restartedMain] INFO  com.zaxxer.hikari.pool.HikariPool - HikariPool-1 - Added connection org.postgresql.jdbc.PgConnection@178d2957
2024-11-13 01:38:20,384 [restartedMain] INFO  com.zaxxer.hikari.HikariDataSource - HikariPool-1 - Start completed.
2024-11-13 01:38:20,426 [restartedMain] INFO  o.h.jpa.internal.util.LogHelper - HHH000204: Processing PersistenceUnitInfo [name: default]
2024-11-13 01:38:20,473 [restartedMain] INFO  org.hibernate.Version - HHH000412: Hibernate ORM core version 6.5.3.Final
2024-11-13 01:38:20,505 [restartedMain] INFO  o.h.c.i.RegionFactoryInitiator - HHH000026: Second-level cache disabled
2024-11-13 01:38:20,782 [restartedMain] INFO  o.s.o.j.p.SpringPersistenceUnitInfo - No LoadTimeWeaver setup: ignoring JPA class transformer
2024-11-13 01:38:21,652 [restartedMain] INFO  o.h.e.t.j.p.i.JtaPlatformInitiator - HHH000489: No JTA platform available (set 'hibernate.transaction.jta.platform' to enable JTA platform integration)
2024-11-13 01:38:21,655 [restartedMain] INFO  o.s.o.j.LocalContainerEntityManagerFactoryBean - Initialized JPA EntityManagerFactory for persistence unit 'default'
2024-11-13 01:38:21,699 [restartedMain] INFO  r.p.l.c.WebClientConfiguration - WebClient timeout: 1000
2024-11-13 01:38:21,702 [restartedMain] INFO  r.p.l.c.WebClientConfiguration - WebClientConfiguration initialized
2024-11-13 01:38:22,658 [restartedMain] INFO  o.s.s.c.a.a.c.InitializeUserDetailsBeanManagerConfigurer$InitializeUserDetailsManagerConfigurer - Global AuthenticationManager configured with UserDetailsService bean with name inMemoryUserDetailsManager
2024-11-13 01:38:22,887 [restartedMain] INFO  ru.paskal.laba2.Laba2ApplicationKt - Started Laba2ApplicationKt in 4.815 seconds (process running for 5.409)
2024-11-13 01:38:22,891 [restartedMain] INFO  ru.paskal.laba2.client.Requester - Fetching data from https://api.nobelprize.org/v1/laureate.json
